<?xml version="1.0" encoding="UTF-8"?>
<!-- Generated by org.testng.reporters.JUnitReportReporter -->
<testsuite skipped="0" hostname="AlokSingh" name="com.alok.SeleniumTestFramework.GmailTests.TestScripts" tests="3" failures="0" timestamp="02 Jun 2019 14:57:05 GMT" time="48.722" errors="0">
  <testcase name="testGmailLogin" time="15.616" classname="com.alok.SeleniumTestFramework.GmailTests.TestScripts"/>
  <testcase name="testComposeEmail" time="31.483" classname="com.alok.SeleniumTestFramework.GmailTests.TestScripts"/>
  <testcase name="testLogOut" time="1.623" classname="com.alok.SeleniumTestFramework.GmailTests.TestScripts"/>
</testsuite> <!-- com.alok.SeleniumTestFramework.GmailTests.TestScripts -->
