<?xml version="1.0" encoding="UTF-8"?>
<!-- Generated by org.testng.reporters.JUnitReportReporter -->
<testsuite skipped="0" hostname="AlokSingh" name="com.alok.SeleniumTestFramework.GmailTests.TestScenario3" tests="5" failures="0" timestamp="19 Jun 2019 05:21:16 GMT" time="93.542" errors="0">
  <testcase name="launchGmailAndLogin" time="38.507" classname="com.alok.SeleniumTestFramework.GmailTests.TestScenario3"/>
  <testcase name="composeAnEmailWithoutSavingIt" time="4.902" classname="com.alok.SeleniumTestFramework.GmailTests.TestScenario3"/>
  <testcase name="searchInDraftsAndOpentheComposedEmail" time="19.079" classname="com.alok.SeleniumTestFramework.GmailTests.TestScenario3"/>
  <testcase name="modifyTheEmailByUploadingFileAndSend" time="15.280" classname="com.alok.SeleniumTestFramework.GmailTests.TestScenario3"/>
  <testcase name="logout" time="15.774" classname="com.alok.SeleniumTestFramework.GmailTests.TestScenario3"/>
</testsuite> <!-- com.alok.SeleniumTestFramework.GmailTests.TestScenario3 -->
