<?xml version="1.0" encoding="UTF-8"?>
<!-- Generated by org.testng.reporters.JUnitReportReporter -->
<testsuite skipped="0" hostname="AlokSingh" name="com.alok.SeleniumTestFramework.NewTest" tests="1" failures="0" timestamp="29 May 2019 02:18:26 GMT" time="23.478" errors="0">
  <testcase name="firstTest" time="23.478" classname="com.alok.SeleniumTestFramework.NewTest"/>
</testsuite> <!-- com.alok.SeleniumTestFramework.NewTest -->
